<?xml version="1.0" encoding="UTF-8"?>
<!-- Generated by org.testng.reporters.JUnitXMLReporter -->
<testsuite ignored="0" hostname="EOS-101" failures="1" tests="1" name="Test" time="9.07" errors="0" timestamp="2026-06-25T13:07:37 IST">
  <testcase classname="LoginTest.LoginTest" name="testSuccessfulLogin" time="2.929">
    <failure type="java.lang.Error" message="Unresolved compilation problems: 
	The import base cannot be resolved
	BasePage cannot be resolved to a type
">
      <![CDATA[java.lang.Error: Unresolved compilation problems: 
The import base cannot be resolved
BasePage cannot be resolved to a type

at LoginPage.LoginPage.<init>(LoginPage.java:7)
at LoginTest.LoginTest.testSuccessfulLogin(LoginTest.java:16)
at java.base/java.util.ArrayList.forEach(ArrayList.java:1596)
... Removed 25 stack frames]]>
    </failure>
  </testcase> <!-- testSuccessfulLogin -->
</testsuite> <!-- Test -->
