<?xml version="1.0" encoding="UTF-8"?>
<testng-results ignored="0" total="1" passed="1" failed="0" skipped="0">
  <reporter-output>
  </reporter-output>
  <suite started-at="2026-06-25T13:23:20 IST" name="Suite" finished-at="2026-06-25T13:23:29 IST" duration-ms="9544">
    <groups>
    </groups>
    <test started-at="2026-06-25T13:23:20 IST" name="Test" finished-at="2026-06-25T13:23:29 IST" duration-ms="9544">
      <class name="LoginTest.LoginTest">
        <test-method is-config="true" signature="setUp()[pri:0, instance:LoginTest.LoginTest@2667f029]" started-at="2026-06-25T13:23:20 IST" name="setUp" finished-at="2026-06-25T13:23:24 IST" duration-ms="4050" status="PASS">
          <reporter-output>
          </reporter-output>
        </test-method> <!-- setUp -->
        <test-method signature="testSuccessfulLogin()[pri:0, instance:LoginTest.LoginTest@2667f029]" started-at="2026-06-25T13:23:24 IST" name="testSuccessfulLogin" finished-at="2026-06-25T13:23:29 IST" duration-ms="4729" status="PASS">
          <reporter-output>
          </reporter-output>
        </test-method> <!-- testSuccessfulLogin -->
        <test-method is-config="true" signature="tearDown()[pri:0, instance:LoginTest.LoginTest@2667f029]" started-at="2026-06-25T13:23:29 IST" name="tearDown" finished-at="2026-06-25T13:23:29 IST" duration-ms="680" status="PASS">
          <reporter-output>
          </reporter-output>
        </test-method> <!-- tearDown -->
      </class> <!-- LoginTest.LoginTest -->
    </test> <!-- Test -->
  </suite> <!-- Suite -->
</testng-results>
