<?xml version="1.0" encoding="UTF-8"?>
<testng-results ignored="0" total="1" passed="1" failed="0" skipped="0">
  <reporter-output>
  </reporter-output>
  <suite started-at="2026-06-25T11:52:42 IST" name="Suite" finished-at="2026-06-25T11:52:54 IST" duration-ms="12509">
    <groups>
    </groups>
    <test started-at="2026-06-25T11:52:42 IST" name="Test" finished-at="2026-06-25T11:52:54 IST" duration-ms="12509">
      <class name="LoginTest.LoginTest">
        <test-method is-config="true" signature="setUp()[pri:0, instance:LoginTest.LoginTest@34123d65]" started-at="2026-06-25T11:52:42 IST" name="setUp" finished-at="2026-06-25T11:52:48 IST" duration-ms="6651" status="PASS">
          <reporter-output>
          </reporter-output>
        </test-method> <!-- setUp -->
        <test-method signature="testSuccessfulLogin()[pri:0, instance:LoginTest.LoginTest@34123d65]" started-at="2026-06-25T11:52:48 IST" name="testSuccessfulLogin" finished-at="2026-06-25T11:52:54 IST" duration-ms="5234" status="PASS">
          <reporter-output>
          </reporter-output>
        </test-method> <!-- testSuccessfulLogin -->
        <test-method is-config="true" signature="tearDown()[pri:0, instance:LoginTest.LoginTest@34123d65]" started-at="2026-06-25T11:52:54 IST" name="tearDown" finished-at="2026-06-25T11:52:54 IST" duration-ms="531" status="PASS">
          <reporter-output>
          </reporter-output>
        </test-method> <!-- tearDown -->
      </class> <!-- LoginTest.LoginTest -->
    </test> <!-- Test -->
  </suite> <!-- Suite -->
</testng-results>
